Copyright 1986-2019 Xilinx, Inc. All Rights Reserved.
-----------------------------------------------------------------------------------------------------------------------------------------------------------------------
| Tool Version : Vivado v.2019.2 (win64) Build 2708876 Wed Nov  6 21:40:23 MST 2019
| Date         : Sun Nov  3 12:30:12 2024
| Host         : DESKTOP-OFO9OC1 running 64-bit major release  (build 9200)
| Command      : report_methodology -file thinpad_top_methodology_drc_routed.rpt -pb thinpad_top_methodology_drc_routed.pb -rpx thinpad_top_methodology_drc_routed.rpx
| Design       : thinpad_top
| Device       : xc7a100tfgg676-2L
| Speed File   : -2L
| Design State : Fully Routed
-----------------------------------------------------------------------------------------------------------------------------------------------------------------------

Report Methodology

Table of Contents
-----------------
1. REPORT SUMMARY
2. REPORT DETAILS

1. REPORT SUMMARY
-----------------
            Netlist: netlist
          Floorplan: design_1
      Design limits: <entire design considered>
             Max violations: <unlimited>
             Violations found: 2
+--------+----------+--------------------------------------------------------+------------+
| Rule   | Severity | Description                                            | Violations |
+--------+----------+--------------------------------------------------------+------------+
| XDCC-1 | Warning  | Scoped Clock constraint overwritten with the same name | 1          |
| XDCC-7 | Warning  | Scoped Clock constraint overwritten on the same source | 1          |
+--------+----------+--------------------------------------------------------+------------+

2. REPORT DETAILS
-----------------
XDCC-1#1 Warning
Scoped Clock constraint overwritten with the same name  
A new clock constraint create_clock overrides a previous scoped clock constraint with the same name. It is not recommended to override a scoped (typically an IP) clock constraint and could result in unexpected behaviors.
New: create_clock -period 20.000 -name clk_50M -waveform {0.000 10.000} [get_ports clk_50M] (Source: D:/Xilinx/projects/cod24/cod24-luyi22/thinpad_top.srcs/constrs_1/new/thinpad_top.xdc (Line: 6))
Previous: create_clock -period 20.000 [get_ports clk_50M] (Source: d:/Xilinx/projects/cod24/cod24-luyi22/thinpad_top.srcs/sources_1/ip/pll_example/pll_example.xdc (Line: 56))
Related violations: <none>

XDCC-7#1 Warning
Scoped Clock constraint overwritten on the same source  
A new clock constraint create_clock overrides a previous scoped clock constraint defined on the same source. It is not recommended to override a scoped (typically an IP) clock constraint and could result in unexpected behaviors.
New: create_clock -period 20.000 -name clk_50M -waveform {0.000 10.000} [get_ports clk_50M] (Source: D:/Xilinx/projects/cod24/cod24-luyi22/thinpad_top.srcs/constrs_1/new/thinpad_top.xdc (Line: 6))
Previous: create_clock -period 20.000 [get_ports clk_50M] (Source: d:/Xilinx/projects/cod24/cod24-luyi22/thinpad_top.srcs/sources_1/ip/pll_example/pll_example.xdc (Line: 56))
Related violations: <none>


